#
# There is insufficient memory for the Java Runtime Environment to continue.
# Native memory allocation (mmap) failed to map 98566144 bytes for G1 virtual space
# Possible reasons:
#   The system is out of physical RAM or swap space
#   The process is running with CompressedOops enabled, and the Java Heap may be blocking the growth of the native heap
# Possible solutions:
#   Reduce memory load on the system
#   Increase physical memory or swap space
#   Check if swap backing store is full
#   Decrease Java heap size (-Xmx/-Xms)
#   Decrease number of Java threads
#   Decrease Java thread stack sizes (-Xss)
#   Set larger code cache with -XX:ReservedCodeCacheSize=
#   JVM is running with Unscaled Compressed Oops mode in which the Java heap is
#     placed in the first 4GB address space. The Java Heap base address is the
#     maximum limit for the native heap growth. Please use -XX:HeapBaseMinAddress
#     to set the Java Heap base and to place the Java Heap above 4GB virtual address.
# This output file may be truncated or incomplete.
#
#  Out of Memory Error (os_windows.cpp:3829), pid=2580, tid=35448
#
# JRE version:  (17.0.8+7) (build )
# Java VM: OpenJDK 64-Bit Server VM (17.0.8+7-b1000.8, mixed mode, sharing, tiered, compressed oops, compressed class ptrs, g1 gc, windows-amd64)
# No core dump will be written. Minidumps are not enabled by default on client versions of Windows
#

---------------  S U M M A R Y ------------

Command Line: git4idea.http.GitAskPassApp Username for 'https://github.com': 

Host: AMD Ryzen 5 5600H with Radeon Graphics         , 12 cores, 5G,  Windows 11 , 64 bit Build 22621 (10.0.22621.2428)
Time: Thu Oct 19 02:59:32 2023 Egypt Daylight Time elapsed time: 0.011751 seconds (0d 0h 0m 0s)

---------------  T H R E A D  ---------------

Current thread (0x0000025347fd8b90):  JavaThread "Unknown thread" [_thread_in_vm, id=35448, stack(0x000000f11b100000,0x000000f11b200000)]

Stack: [0x000000f11b100000,0x000000f11b200000]
Native frames: (J=compiled Java code, j=interpreted, Vv=VM code, C=native code)
V  [jvm.dll+0x6852da]
V  [jvm.dll+0x844c84]
V  [jvm.dll+0x84659e]
V  [jvm.dll+0x846c03]
V  [jvm.dll+0x24b7cf]
V  [jvm.dll+0x682049]
V  [jvm.dll+0x67671a]
V  [jvm.dll+0x30be2b]
V  [jvm.dll+0x3132d6]
V  [jvm.dll+0x36302e]
V  [jvm.dll+0x36325f]
V  [jvm.dll+0x2e1f48]
V  [jvm.dll+0x2e2eb4]
V  [jvm.dll+0x815c11]
V  [jvm.dll+0x370df1]
V  [jvm.dll+0x7f4fdc]
V  [jvm.dll+0x3f3f1f]
V  [jvm.dll+0x3f5b31]
C  [jli.dll+0x528f]
C  [ucrtbase.dll+0x29363]
C  [KERNEL32.DLL+0x1257d]
C  [ntdll.dll+0x5aa78]


---------------  P R O C E S S  ---------------

Threads class SMR info:
_java_thread_list=0x00007ffe78940098, length=0, elements={
}

Java Threads: ( => current thread )

Other Threads:
  0x0000025348023e60 GCTaskThread "GC Thread#0" [stack: 0x000000f11b200000,0x000000f11b300000] [id=1936]
  0x0000025348030930 ConcurrentGCThread "G1 Main Marker" [stack: 0x000000f11b300000,0x000000f11b400000] [id=3012]
  0x0000025348031ae0 ConcurrentGCThread "G1 Conc#0" [stack: 0x000000f11b400000,0x000000f11b500000] [id=37100]

[error occurred during error reporting (printing all threads), id 0xc0000005, EXCEPTION_ACCESS_VIOLATION (0xc0000005) at pc=0x00007ffe780f2ab7]

VM state: not at safepoint (not fully initialized)

VM Mutex/Monitor currently owned by a thread:  ([mutex/lock_event])
[0x0000025347fd3f20] Heap_lock - owner thread: 0x0000025347fd8b90

Heap address: 0x00000000a2400000, size: 1500 MB, Compressed Oops mode: 32-bit

CDS archive(s) mapped at: [0x0000000000000000-0x0000000000000000-0x0000000000000000), size 0, SharedBaseAddress: 0x0000000800000000, ArchiveRelocationMode: 1.
Narrow klass base: 0x0000000000000000, Narrow klass shift: 0, Narrow klass range: 0x0

GC Precious Log:
<Empty>

Heap:
 garbage-first heap   total 0K, used 0K [0x00000000a2400000, 0x0000000100000000)
  region size 1024K, 0 young (0K), 0 survivors (0K)
 Metaspace       used 0K, committed 0K, reserved 0K
  class space    used 0K, committed 0K, reserved 0K

Heap Regions: E=young(eden), S=young(survivor), O=old, HS=humongous(starts), HC=humongous(continues), CS=collection set, F=free, OA=open archive, CA=closed archive, TAMS=top-at-mark-start (previous, next)

Card table byte_map: [0x000002535af90000,0x000002535b280000] _byte_map_base: 0x000002535aa7e000

Marking Bits (Prev, Next): (CMBitMap*) 0x0000025348024480, (CMBitMap*) 0x00000253480244c0
 Prev Bits: [0x000002535b570000, 0x000002535cce0000)
 Next Bits: [0x000002535cce0000, 0x000002535e450000)

GC Heap History (0 events):
No events

Dll operation events (1 events):
Event: 0.007 Loaded shared library C:\Program Files\JetBrains\PyCharm 2023.2.1\jbr\bin\java.dll

Deoptimization events (0 events):
No events

Classes unloaded (0 events):
No events

Classes redefined (0 events):
No events

Internal exceptions (0 events):
No events

VM Operations (0 events):
No events

Events (0 events):
No events


Dynamic libraries:
0x00007ff723d80000 - 0x00007ff723d8a000 	C:\Program Files\JetBrains\PyCharm 2023.2.1\jbr\bin\java.exe
0x00007fff41390000 - 0x00007fff415a7000 	C:\Windows\SYSTEM32\ntdll.dll
0x00007fff404f0000 - 0x00007fff405b4000 	C:\Windows\System32\KERNEL32.DLL
0x00007fff3e850000 - 0x00007fff3ebf6000 	C:\Windows\System32\KERNELBASE.dll
0x00007fff3ec00000 - 0x00007fff3ed11000 	C:\Windows\System32\ucrtbase.dll
0x00007fff01f30000 - 0x00007fff01f47000 	C:\Program Files\JetBrains\PyCharm 2023.2.1\jbr\bin\jli.dll
0x00007fff3f290000 - 0x00007fff3f43d000 	C:\Windows\System32\USER32.dll
0x00007fff1d740000 - 0x00007fff1d75b000 	C:\Program Files\JetBrains\PyCharm 2023.2.1\jbr\bin\VCRUNTIME140.dll
0x00007fff3ed20000 - 0x00007fff3ed46000 	C:\Windows\System32\win32u.dll
0x00007fff1a320000 - 0x00007fff1a5b3000 	C:\Windows\WinSxS\amd64_microsoft.windows.common-controls_6595b64144ccf1df_6.0.22621.2361_none_2712ced57382f843\COMCTL32.dll
0x00007fff410c0000 - 0x00007fff410e9000 	C:\Windows\System32\GDI32.dll
0x00007fff3fea0000 - 0x00007fff3ff47000 	C:\Windows\System32\msvcrt.dll
0x00007fff3ed50000 - 0x00007fff3ee68000 	C:\Windows\System32\gdi32full.dll
0x00007fff3f050000 - 0x00007fff3f0ea000 	C:\Windows\System32\msvcp_win.dll
0x00007fff405d0000 - 0x00007fff40601000 	C:\Windows\System32\IMM32.DLL
0x00007fff2b6e0000 - 0x00007fff2b6ec000 	C:\Program Files\JetBrains\PyCharm 2023.2.1\jbr\bin\vcruntime140_1.dll
0x00007ffec1c80000 - 0x00007ffec1d0d000 	C:\Program Files\JetBrains\PyCharm 2023.2.1\jbr\bin\msvcp140.dll
0x00007ffe77e00000 - 0x00007ffe78a83000 	C:\Program Files\JetBrains\PyCharm 2023.2.1\jbr\bin\server\jvm.dll
0x00007fff407b0000 - 0x00007fff40860000 	C:\Windows\System32\ADVAPI32.dll
0x00007fff41110000 - 0x00007fff411b6000 	C:\Windows\System32\sechost.dll
0x00007fff3ff50000 - 0x00007fff40067000 	C:\Windows\System32\RPCRT4.dll
0x00007ffefcc60000 - 0x00007ffefcc69000 	C:\Windows\SYSTEM32\WSOCK32.dll
0x00007fff3e5e0000 - 0x00007fff3e62d000 	C:\Windows\SYSTEM32\POWRPROF.dll
0x00007fff36ef0000 - 0x00007fff36f24000 	C:\Windows\SYSTEM32\WINMM.dll
0x00007fff35710000 - 0x00007fff3571a000 	C:\Windows\SYSTEM32\VERSION.dll
0x00007fff406c0000 - 0x00007fff40731000 	C:\Windows\System32\WS2_32.dll
0x00007fff3e5c0000 - 0x00007fff3e5d3000 	C:\Windows\SYSTEM32\UMPDC.dll
0x00007fff3d6f0000 - 0x00007fff3d708000 	C:\Windows\SYSTEM32\kernel.appcore.dll
0x00007fff1e7b0000 - 0x00007fff1e7ba000 	C:\Program Files\JetBrains\PyCharm 2023.2.1\jbr\bin\jimage.dll
0x00007fff3c180000 - 0x00007fff3c3ae000 	C:\Windows\SYSTEM32\DBGHELP.DLL
0x00007fff3f5f0000 - 0x00007fff3f97a000 	C:\Windows\System32\combase.dll
0x00007fff401c0000 - 0x00007fff40297000 	C:\Windows\System32\OLEAUT32.dll
0x00007fff199b0000 - 0x00007fff199e2000 	C:\Windows\SYSTEM32\dbgcore.DLL
0x00007fff3e710000 - 0x00007fff3e78a000 	C:\Windows\System32\bcryptPrimitives.dll
0x00007fff02c70000 - 0x00007fff02c95000 	C:\Program Files\JetBrains\PyCharm 2023.2.1\jbr\bin\java.dll

dbghelp: loaded successfully - version: 4.0.5 - missing functions: none
symbol engine: initialized successfully - sym options: 0x614 - pdb path: .;C:\Program Files\JetBrains\PyCharm 2023.2.1\jbr\bin;C:\Windows\SYSTEM32;C:\Windows\WinSxS\amd64_microsoft.windows.common-controls_6595b64144ccf1df_6.0.22621.2361_none_2712ced57382f843;C:\Program Files\JetBrains\PyCharm 2023.2.1\jbr\bin\server

VM Arguments:
java_command: git4idea.http.GitAskPassApp Username for 'https://github.com': 
java_class_path (initial): C:/Program Files/JetBrains/PyCharm 2023.2.1/plugins/vcs-git/lib/git4idea-rt.jar;C:/Program Files/JetBrains/PyCharm 2023.2.1/lib/externalProcess-rt.jar
Launcher Type: SUN_STANDARD

[Global flags]
     intx CICompilerCount                          = 4                                         {product} {ergonomic}
     uint ConcGCThreads                            = 3                                         {product} {ergonomic}
     uint G1ConcRefinementThreads                  = 10                                        {product} {ergonomic}
   size_t G1HeapRegionSize                         = 1048576                                   {product} {ergonomic}
    uintx GCDrainStackTargetSize                   = 64                                        {product} {ergonomic}
   size_t InitialHeapSize                          = 98566144                                  {product} {ergonomic}
   size_t MarkStackSize                            = 4194304                                   {product} {ergonomic}
   size_t MaxHeapSize                              = 1572864000                                {product} {ergonomic}
   size_t MinHeapDeltaBytes                        = 1048576                                   {product} {ergonomic}
   size_t MinHeapSize                              = 8388608                                   {product} {ergonomic}
    uintx NonNMethodCodeHeapSize                   = 5839372                                {pd product} {ergonomic}
    uintx NonProfiledCodeHeapSize                  = 122909434                              {pd product} {ergonomic}
    uintx ProfiledCodeHeapSize                     = 122909434                              {pd product} {ergonomic}
    uintx ReservedCodeCacheSize                    = 251658240                              {pd product} {ergonomic}
     bool SegmentedCodeCache                       = true                                      {product} {ergonomic}
   size_t SoftMaxHeapSize                          = 1572864000                             {manageable} {ergonomic}
     bool UseCompressedClassPointers               = true                           {product lp64_product} {ergonomic}
     bool UseCompressedOops                        = true                           {product lp64_product} {ergonomic}
     bool UseG1GC                                  = true                                      {product} {ergonomic}
     bool UseLargePagesIndividualAllocation        = false                                  {pd product} {ergonomic}

Logging:
Log output configuration:
 #0: stdout all=warning uptime,level,tags
 #1: stderr all=off uptime,level,tags

Environment Variables:
PATH=C:/Program Files/Git/mingw64/libexec/git-core;C:/Program Files/Git/mingw64/libexec/git-core;C:\Program Files\Git\mingw64\bin;C:\Program Files\Git\usr\bin;C:\Users\memaa\bin;C:\Program Files\Python312\Scripts\;C:\Program Files\Python312\;C:\Windows\system32;C:\Windows;C:\Windows\System32\Wbem;C:\Windows\System32\WindowsPowerShell\v1.0\;C:\Windows\System32\OpenSSH\;C:\Program Files (x86)\NVIDIA Corporation\PhysX\Common;C:\Program Files\NVIDIA Corporation\NVIDIA NvDLISR;C:\Program Files\Microsoft SQL Server\Client SDK\ODBC\110\Tools\Binn\;C:\Program Files (x86)\Microsoft SQL Server\120\Tools\Binn\;C:\Program Files\Microsoft SQL Server\120\Tools\Binn\;C:\Program Files\Microsoft SQL Server\120\DTS\Binn\;C:\Program Files (x86)\Windows Kits\8.1\Windows Performance Toolkit\;C:\Program Files\Git\cmd;C:\Users\memaa\AppData\Local\Microsoft\WindowsApps;C:\Users\memaa\AppData\Local\GitHubDesktop\bin;C:\Program Files\Microsoft VS Code\bin
USERNAME=memaa
DISPLAY=:0.0
LC_ALL=en_US.UTF-8
TERM=xterm-256color
TMPDIR=C:\Users\memaa\AppData\Local\Temp
OS=Windows_NT
PROCESSOR_IDENTIFIER=AMD64 Family 25 Model 80 Stepping 0, AuthenticAMD
TMP=C:\Users\memaa\AppData\Local\Temp
TEMP=C:\Users\memaa\AppData\Local\Temp


JNI global refs:
JNI global refs: 0, weak refs: 0

JNI global refs memory usage: 0, weak refs: 0

OOME stack traces (most recent first):
Classloader memory used:


---------------  S Y S T E M  ---------------

OS:
 Windows 11 , 64 bit Build 22621 (10.0.22621.2428)
OS uptime: 4 days 8:31 hours

CPU: total 12 (initial active 12) (12 cores per cpu, 2 threads per core) family 25 model 80 stepping 0 microcode 0x0, cx8, cmov, fxsr, ht, mmx, 3dnowpref, sse, sse2, sse3, ssse3, sse4a, sse4.1, sse4.2, popcnt, lzcnt, tsc, tscinvbit, avx, avx2, aes, erms, clmul, bmi1, bmi2, adx, sha, fma, vzeroupper, clflush, clflushopt
Processor Information for processor 0
  Max Mhz: 3301, Current Mhz: 3301, Mhz Limit: 3301
Processor Information for processor 1
  Max Mhz: 3301, Current Mhz: 3301, Mhz Limit: 3301
Processor Information for processor 2
  Max Mhz: 3301, Current Mhz: 3301, Mhz Limit: 3301
Processor Information for processor 3
  Max Mhz: 3301, Current Mhz: 3301, Mhz Limit: 3301
Processor Information for processor 4
  Max Mhz: 3301, Current Mhz: 3301, Mhz Limit: 3301
Processor Information for processor 5
  Max Mhz: 3301, Current Mhz: 3301, Mhz Limit: 3301
Processor Information for processor 6
  Max Mhz: 3301, Current Mhz: 1805, Mhz Limit: 3301
Processor Information for processor 7
  Max Mhz: 3301, Current Mhz: 1805, Mhz Limit: 3301
Processor Information for processor 8
  Max Mhz: 3301, Current Mhz: 1805, Mhz Limit: 3301
Processor Information for processor 9
  Max Mhz: 3301, Current Mhz: 1805, Mhz Limit: 3301
Processor Information for processor 10
  Max Mhz: 3301, Current Mhz: 1805, Mhz Limit: 3301
Processor Information for processor 11
  Max Mhz: 3301, Current Mhz: 1805, Mhz Limit: 3301

Memory: 4k page, system-wide physical 5996M (458M free)
TotalPageFile size 24428M (AvailPageFile size 34M)
current process WorkingSet (physical memory assigned to process): 11M, peak: 11M
current process commit charge ("private bytes"): 64M, peak: 158M

vm_info: OpenJDK 64-Bit Server VM (17.0.8+7-b1000.8) for windows-amd64 JRE (17.0.8+7-b1000.8), built on 2023-08-04 by "builduser" with MS VC++ 16.10 / 16.11 (VS2019)

END.
